0 silly argv {
0 silly argv   _: [ 'run' ],
0 silly argv   lernaVersion: '6.1.0',
0 silly argv   '$0': '.yarn/cache/lerna-npm-6.1.0-bd3f7dedaf-20b1949431.zip/node_modules/lerna/cli.js',
0 silly argv   script: 'dev'
0 silly argv }
1 notice cli v6.1.0
2 verbose rootPath /home/austine/dev/markode
3 error 
 There was a critical error when configuring the task runner, please report this on https://github.com/lerna/lerna
4 error Error: @lerna/run tried to access nx, but it isn't declared in its dependencies; this makes the require call ambiguous and unsound.
4 error
4 error Required package: nx (via "nx/src/utils/output")
4 error Required by: @lerna/run@npm:6.1.0 (via /home/austine/dev/markode/.yarn/cache/@lerna-run-npm-6.1.0-d49b1e5b22-312ffb5b45.zip/node_modules/@lerna/run/)
4 error
4 error Require stack:
4 error - /home/austine/dev/markode/.yarn/cache/@lerna-run-npm-6.1.0-d49b1e5b22-312ffb5b45.zip/node_modules/@lerna/run/index.js
4 error - /home/austine/dev/markode/.yarn/cache/@lerna-run-npm-6.1.0-d49b1e5b22-312ffb5b45.zip/node_modules/@lerna/run/command.js
4 error - /home/austine/dev/markode/.yarn/cache/lerna-npm-6.1.0-bd3f7dedaf-20b1949431.zip/node_modules/lerna/index.js
4 error - /home/austine/dev/markode/.yarn/cache/lerna-npm-6.1.0-bd3f7dedaf-20b1949431.zip/node_modules/lerna/cli.js
4 error     at require$$0.Module._resolveFilename (/home/austine/dev/markode/.pnp.cjs:21976:13)
4 error     at require$$0.Module._load (/home/austine/dev/markode/.pnp.cjs:21826:42)
4 error     at Module.require (node:internal/modules/cjs/loader:1061:19)
4 error     at require (node:internal/modules/cjs/helpers:103:18)
4 error     at RunCommand.configureNxOutput (/home/austine/dev/markode/.yarn/cache/@lerna-run-npm-6.1.0-d49b1e5b22-312ffb5b45.zip/node_modules/@lerna/run/index.js:354:24)
4 error     at RunCommand.runScriptsUsingNx (/home/austine/dev/markode/.yarn/cache/@lerna-run-npm-6.1.0-d49b1e5b22-312ffb5b45.zip/node_modules/@lerna/run/index.js:201:10)
